0:100  0:100  MemLog inited, TSC freq: 2713106490
0:100  0:000  CPU was calibrated with RTC
0:100  0:000  
0:100  0:000  Now is 28.7.2018,  5:28:19 (GMT)
0:100  0:000  Starting Clover revision: 4623 on Lenovo EFI
0:100  0:000  Build with: [Args: --conf=/Users/vagrant/src/UDK2018/Conf -D USE_LOW_EBDA -a X64 -b RELEASE -t XCODE8 -n 3 | OS: 10.13.4 | XCODE: 9.3.1]
0:100  0:000  SelfDevicePath=PciRoot(0x0)\Pci(0x17,0x0)\Sata(0x1,0x0,0x0)\HD(1,GPT,E2FA0C80-BCCC-49AA-B72F-6CC343D2F7ED,0x28,0x64000) @5509D398
0:100  0:000  SelfDirPath = \EFI\BOOT
0:102  0:002  === [ Get Smbios ] ========================================
0:102  0:000  Type 16 Index = 0
0:102  0:000  Total Memory Slots Count = 2
0:102  0:000  Type 17 Index = 0
0:102  0:000  SmbiosTable.Type17->Speed = 2133MHz
0:102  0:000  SmbiosTable.Type17->Size = 8192MB
0:103  0:000  SmbiosTable.Type17->Bank/Device = BANK 0 ChannelA-DIMM0
0:103  0:000  SmbiosTable.Type17->Vendor = Samsung
0:103  0:000  SmbiosTable.Type17->SerialNumber = 965A81B0
0:103  0:000  SmbiosTable.Type17->PartNumber = M471A1K43BB1-CRC    
0:103  0:000  Type 17 Index = 1
0:103  0:000  SmbiosTable.Type17->Speed = 2133MHz
0:103  0:000  SmbiosTable.Type17->Size = 8192MB
0:103  0:000  SmbiosTable.Type17->Bank/Device = BANK 2 ChannelB-DIMM0
0:103  0:000  SmbiosTable.Type17->Vendor = Samsung
0:103  0:000  SmbiosTable.Type17->SerialNumber = 392427A2
0:103  0:000  SmbiosTable.Type17->PartNumber = M471A1K43CB1-CRC    
0:103  0:000  Boot status=0
0:103  0:000  Running on: '20HDA004CD' with board '20HDA004CD'
0:103  0:000  === [ GetCPUProperties ] ==================================
0:103  0:000  CPU Vendor = 756E6547 Model=806E9
0:103  0:000   The CPU supported SSE4.1
0:103  0:000  BrandString = Intel(R) Core(TM) i5-7200U CPU @ 2.50GHz
0:103  0:000   The CPU supported turbo
0:103  0:000  MSR 0x35               20004
0:103  0:000   TSC/CCC Information Leaf:
0:103  0:000    numerator     : 226
0:103  0:000    denominator   : 2
0:103  0:000   Calibrated ARTFrequency: 24009791
0:103  0:000  MSR 0xE2 before patch 1E008008
0:103  0:000  MSR 0xE2 is locked, PM patches will be turned on
0:103  0:000  MSR 0xCE              0004043D_F1011B00
0:103  0:000  corrected FLEX_RATIO = 0
0:103  0:000  MSR 0x1B0             00000000
0:103  0:000  FSBFrequency = 93 MHz, DMI FSBFrequency = 100 MHz, Corrected FSBFrequency = 100 MHz
0:103  0:000  MaxDiv/MinDiv: 27.0/4
0:103  0:000  Turbo: 31/31/31/31
0:103  0:000  Features: 0xBFEBFBFF
0:103  0:000  Threads: 4
0:103  0:000  Cores: 2
0:103  0:000  FSB: 100 MHz
0:103  0:000  CPU: 2500 MHz
0:103  0:000  TSC: 2500 MHz
0:103  0:000  PIS: 100 MHz
0:103  0:000  ExternalClock: 25 MHz
0:103  0:000  === [ GetDevices ] ========================================
0:103  0:000  PCI (00|00:00.00) : 8086 5904 class=060000
0:103  0:000  PCI (00|00:02.00) : 8086 5916 class=030000
0:103  0:000   - GFX: Model=Intel HD Graphics 620 (Intel)
0:103  0:000  PCI (00|00:14.00) : 8086 9D2F class=0C0330
0:103  0:000  PCI (00|00:14.02) : 8086 9D31 class=118000
0:103  0:000  PCI (00|00:16.00) : 8086 9D3A class=078000
0:103  0:000  PCI (00|00:17.00) : 8086 9D03 class=010601
0:103  0:000  PCI (00|00:1C.00) : 8086 9D10 class=060400
0:103  0:000  PCI (00|02:00.00) : 10DE 134D class=030200
0:103  0:000  PCI (00|00:1C.06) : 8086 9D16 class=060400
0:103  0:000  PCI (00|04:00.00) : 14E4 43B1 class=028000
0:103  0:000   - WIFI: Vendor=Broadcom
0:103  0:000  PCI (00|00:1D.00) : 8086 9D18 class=060400
0:103  0:000  PCI (00|00:1F.00) : 8086 9D58 class=060100
0:103  0:000  PCI (00|00:1F.02) : 8086 9D21 class=058000
0:103  0:000  PCI (00|00:1F.03) : 8086 9D71 class=040300
0:103  0:000  PCI (00|00:1F.04) : 8086 9D23 class=0C0500
0:103  0:000  PCI (00|00:1F.06) : 8086 15D8 class=020000
0:103  0:000   - LAN: 0 Vendor=Intel
0:103  0:000  === [ GetDefaultSettings ] ================================
0:103  0:000  Clover load options size = 0 bytes
0:107  0:003  EFI\CLOVER\config.plist loaded: Success
0:107  0:000  === [ GetListOfThemes ] ===================================
0:107  0:000  - [00]: SimpleThemeDark
0:108  0:001  - [01]: random
0:109  0:000  - [01]: ThinkPad
0:109  0:000  === [ Found config plists ] ===============================
0:109  0:000  - config-HD4400.plist
0:110  0:000  - config-HD4000.plist
0:110  0:000  - config.plist
0:110  0:000  - config-HD3000.plist
0:110  0:000  - config-T470.plist
0:110  0:000  === [ GetEarlyUserSettings ] ==============================
0:110  0:000  timeout set to 3
0:110  0:000  Custom boot CUSTOM_BOOT_DISABLED (0x0)
0:110  0:000  KextsToPatch: 6 requested
0:110  0:000   - [00]: com.apple.driver.AppleIntelKBLGraphicsFramebuffer (Disable minStolenSize check for 10.14 Beta 4) :: MatchOS: 10.14.x :: BinPatch :: data len: 6
0:110  0:000   - patch disabled at config
0:110  0:000   - [01]: com.apple.driver.AppleIntelKBLGraphicsFramebuffer (HD620, 32MB BIOS, 19MB framebuffer 9MB cursor bytes 2048MB vram) :: MatchOS: 10.14.x :: BinPatch :: data len: 16
0:110  0:000   - patch disabled at config
0:110  0:000   - [02]: com.apple.driver.AppleIntelKBLGraphicsFramebuffer (HD620, 32MB BIOS, 19MB framebuffer 9MB cursor bytes 2048MB vram) :: MatchOS: 10.13.x :: BinPatch :: data len: 16
0:110  0:000   - [03]: com.apple.driver.AppleGraphicsDevicePolicy (Disable board-id check to prevent no signal (c) lvs1974, Pike R. Alpha, vit9696) :: MatchOS: 10.14 :: BinPatch :: data len: 5
0:110  0:000   - [04]: com.apple.driver.AppleBacklight (change F%uT%04x to F%uTxxxx in AppleBacklightInjector.kext (credit RehabMan)) :: BinPatch :: data len: 9
0:110  0:000   - [05]: com.apple.driver.usb.AppleUSBXHCIPCI (change 15 port limit to 26 in XHCI kext) :: MatchOS: 10.13.x :: BinPatch :: data len: 4
0:110  0:000   - patch disabled at config
0:110  0:000  KernelToPatch: 1 requested
0:110  0:000   - [00]: MSR 0xE2 _xcpm_idle instant reboot(c) Pike R. Alpha :: data len: 8
0:110  0:000  Default theme: ThinkPad
0:110  0:000  Hiding entries with string Recovery
0:110  0:000  Hiding entries with string Preboot
0:110  0:000  === [ LoadDrivers ] =======================================
0:112  0:001  Loading AppleImageCodec-64.efi  status=Success
0:116  0:004  Loading AppleUITheme-64.efi  status=Success
0:121  0:004  Loading DataHubDxe-64.efi  status=Success
0:139  0:017  Loading AppleKeyAggregator-64.efi  status=Success
0:143  0:004  Loading FSInject-64.efi  status=Success
0:148  0:004  Loading FirmwareVolume-64.efi  status=Success
0:151  0:003  Loading SMCHelper-64.efi  status=Success
0:155  0:003  Loading ApfsDriverLoader.efi  status=Success
0:159  0:003   - driver needs connecting
0:159  0:000  Loading AptioMemoryFix.efi  status=Success
0:164  0:004  1 drivers needs connecting ...
0:164  0:000  PlatformDriverOverrideProtocol->GetDriver overriden
0:164  0:000  APFS driver loaded
0:164  0:000  Searching for invalid DiskIo BY_DRIVER connects: not found, all ok
2:673  2:509  === [ InitScreen ] ========================================
2:673  0:000  SetMaxResolution: found best mode 5: 1600x1200
2:673  0:000   - already set
2:673  0:000  Console modes reported: 7, available modes:
2:673  0:000   - [01]: 80x25
2:673  0:000   - [02]: 80x50
2:673  0:000   - [03]: 200x63
2:673  0:000   - [04]: 160x53
2:673  0:000   - [05]: 128x40
2:673  0:000   - [06]: 100x31
2:673  0:000   - [07]: 200x63 (current mode)
2:673  0:000  SetScreenResolution: 1600x1200 - already set
2:673  0:000  reinit: self device path=PciRoot(0x0)\Pci(0x17,0x0)\Sata(0x1,0x0,0x0)\HD(1,GPT,E2FA0C80-BCCC-49AA-B72F-6CC343D2F7ED,0x28,0x64000)
2:674  0:000  Using embedded font: Success
2:675  0:000  === [ GetMacAddress ] =====================================
2:675  0:000  MAC address of LAN #0= 54:E1:AD:C4:EE:10:
2:675  0:000  MAC address of LAN #1= 54:E1:AD:C4:EE:10:
2:675  0:000  MAC address of LAN #2= 54:E1:AD:C4:EE:10:
2:675  0:000  MAC address of LAN #3= 54:E1:AD:C4:EE:10:
2:675  0:000  === [ ScanSPD ] ===========================================
2:675  0:000  SMBus device : 8086 9D23 class=0C0500 status=Success
2:675  0:000  SMBus CmdReg: 0x1
2:675  0:000  Scanning SMBus [8086:9D23], mmio: 0xDD34D004, ioport: 0xEFA0, hostc: 0x11
2:675  0:000  Slots to scan [8]...
2:675  0:000  SPD[0]: Type 12 @0x50
2:693  0:018  DDR speed 2400MHz
2:693  0:000  Slot: 0 Type 26 8192MB 2400MHz Vendor=Samsung PartNo=M471A1K43BB1-CRC SerialNo=0906050A08010B00
2:694  0:000  SPD[1]: Type 12 @0x51
2:712  0:018  DDR speed 2400MHz
2:712  0:000  Slot: 1 Type 26 8192MB 2400MHz Vendor=Samsung PartNo=M471A1K43CB1-CRC SerialNo=0309020402070A02
2:713  0:001  === [ GetAcpiTablesList ] =================================
2:713  0:000  Get Acpi Tables List from RSDT:
2:713  0:000   - [00]: FACP  TP-N1Q   len=244
2:713  0:000   - [01]: SSDT  Tpm2Tabl len=972
2:713  0:000   - [02]: TPM2  TP-N1Q   len=52
2:713  0:000   - [03]: UEFI  TP-N1Q   len=66
2:713  0:000   - [04]: SSDT  SaSsdt  len=12870
2:713  0:000   - [05]: SSDT  PerfTune len=1462
2:713  0:000   - [06]: HPET  TP-N1Q   len=56
2:713  0:000   - [07]: APIC  TP-N1Q   len=188
2:713  0:000   - [08]: MCFG  TP-N1Q   len=60
2:713  0:000   - [09]: ECDT  TP-N1Q   len=83
2:713  0:000   - [10]: SSDT  Rmv_Batt len=540
2:713  0:000   - [11]: SSDT  ProjSsdt len=5967
2:713  0:000   - [12]: BOOT  TP-N1Q   len=40
2:713  0:000   - [13]: BATB  TP-N1Q   len=74
2:713  0:000   - [14]: SSDT  CpuSsdt len=6062
2:713  0:000   - [15]: SSDT  CtdpB len=1389
2:713  0:000   - [16]: SSDT  UsbCTabl len=1588
2:713  0:000   - [17]: WSMT  TP-N1Q   len=40
2:713  0:000   - [18]: SSDT  HdaDsp len=321
2:713  0:000   - [19]: SSDT  TbtTypeC len=1221
2:713  0:000   - [20]: DBGP  TP-N1Q   len=52
2:713  0:000   - [21]: DBG2  TP-N1Q   len=84
2:713  0:000   - [22]: MSDM  TP-N1Q   len=85
2:713  0:000   - [23]: SSDT  NvOptTbl len=36
2:713  0:000   - [24]: SSDT  SgPch len=5671
2:713  0:000   - [25]: ASF!  TP-N1Q   len=160
2:713  0:000   - [26]: FPDT  TP-N1Q   len=68
2:713  0:000   - [27]: UEFI  TP-N1Q   len=318
2:713  0:000  Calibrated TSC Frequency = 2713106490 = 2713MHz
2:713  0:000  === [ GetUserSettings ] ===================================
2:713  0:000  Add 1 devices:
2:713  0:000  Add 3 properties:
2:713  0:000   - [00]: NVidia, len: 8
2:713  0:000   - [01]: NVidia, len: 9
2:713  0:000   - [02]: NVidia, len: 4
2:713  0:000  USB FixOwnership: yes
2:713  0:000  Dropping 1 tables:
2:714  0:000   - [00]: Drop table  signature="DMAR" (52414D44)
2:714  0:000           - set table: 52414D44,                0 to drop: no
2:714  0:000   - final DSDT Fix mask=00000000
2:714  0:000  PatchesDSDT: 10 requested
2:714  0:000   - [00]: (change _DSM to XDSM) lenToFind: 4, lenToReplace: 4, Target Bridge: <null string>
2:714  0:000    patch disabled at config
2:714  0:000   - [01]: (change _OSI to XOSI) lenToFind: 4, lenToReplace: 4, Target Bridge: <null string>
2:714  0:000    patch disabled at config
2:714  0:000   - [02]: (change H_EC to EC) lenToFind: 4, lenToReplace: 4, Target Bridge: <null string>
2:714  0:000   - [03]: (change EC0 to EC) lenToFind: 4, lenToReplace: 4, Target Bridge: <null string>
2:714  0:000    patch disabled at config
2:714  0:000   - [04]: (change ECDV to EC) lenToFind: 4, lenToReplace: 4, Target Bridge: <null string>
2:714  0:000    patch disabled at config
2:714  0:000   - [05]: (change GFX0 to IGPU) lenToFind: 4, lenToReplace: 4, Target Bridge: <null string>
2:714  0:000   - [06]: (change HDAS to HDEF) lenToFind: 4, lenToReplace: 4, Target Bridge: <null string>
2:714  0:000   - [07]: (change HECI to IMEI) lenToFind: 4, lenToReplace: 4, Target Bridge: <null string>
2:714  0:000    patch disabled at config
2:714  0:000   - [08]: (change SAT0 to SATA) lenToFind: 4, lenToReplace: 4, Target Bridge: <null string>
2:714  0:000   - [09]: (change KBD to PS2K) lenToFind: 4, lenToReplace: 4, Target Bridge: <null string>
2:714  0:000  Using ProductName from config: MacBookPro14,2
2:714  0:000  Found same BiosVersion in clover and config
2:714  0:000  BiosVersion: MBP142.88Z.0178.B00.1806260902
2:714  0:000  BiosReleaseDate: 06/26/2018
2:714  0:000  Using FirmwareFeatures from config: 0xFC0FE137
2:714  0:000  Using FirmwareFeaturesMask from config: 0xFF1FFF3F
2:714  0:000  Board-ID set from config as Mac-CAD6701F7CEA0921
2:714  0:000  BoardType: 0xA
2:714  0:000  ChassisType: 0x9
2:714  0:000  Converted CustomUUID 7D080800-229D-5BDC-BC2A-A090CCCBAF77
2:717  0:003  === [ Found DSDT tables ] =================================
2:717  0:000  - DSDT.aml
3:970  1:252  === [ ScanVolumes ] =======================================
3:970  0:000  Found 12 volumes with blockIO
3:970  0:000  - [00]: Volume: PciRoot(0x0)\Pci(0x17,0x0)\Sata(0x1,0x0,0x0)
3:970  0:000  - [01]: Volume: PciRoot(0x0)\Pci(0x17,0x0)\Sata(0x2,0x0,0x0)
3:970  0:000  - [02]: Volume: PciRoot(0x0)\Pci(0x17,0x0)\Sata(0x2,0x0,0x0)\HD(1,GPT,19820A09-E2DB-4C2E-BCDB-05FE15AD01F7,0x28,0x64000)
3:971  0:000          Result of bootcode detection: bootable Windows (vista,win)
4:020  0:049  - [03]: Volume: PciRoot(0x0)\Pci(0x17,0x0)\Sata(0x2,0x0,0x0)\HD(2,GPT,4180EFA3-B1C1-4DC4-A642-6D1CED5930D5,0x64800,0x3717EF09)
4:020  0:000          Result of bootcode detection: bootable Windows (vista,win)
4:020  0:000  - [04]: Volume: PciRoot(0x0)\Pci(0x17,0x0)\Sata(0x2,0x0,0x0)\HD(3,GPT,3C863509-2E13-4775-AB70-8AC10F2C2DA2,0x371E3800,0x1D3000)
4:021  0:000          Result of bootcode detection: bootable Windows (vista,win)
4:021  0:000  - [05]: Volume: PciRoot(0x0)\Pci(0x17,0x0)\Sata(0x2,0x0,0x0)\HD(4,GPT,CF812DA5-EBDC-4E4A-818B-5A820414CCC9,0x373B7000,0x202E800)
4:045  0:024          Result of bootcode detection: bootable unknown (legacy)
4:053  0:007  - [06]: Volume: PciRoot(0x0)\Pci(0x17,0x0)\Sata(0x1,0x0,0x0)\HD(1,GPT,E2FA0C80-BCCC-49AA-B72F-6CC343D2F7ED,0x28,0x64000)
4:053  0:000          Result of bootcode detection: bootable unknown (legacy)
4:053  0:000          This is SelfVolume !!
4:053  0:000  - [07]: Volume: PciRoot(0x0)\Pci(0x17,0x0)\Sata(0x1,0x0,0x0)\HD(2,GPT,40644103-7337-43FA-AD41-CD223C2714BB,0x64028,0xEE18260)
4:053  0:000          Result of bootcode detection: bootable unknown (legacy)
4:053  0:000  - [08]: Volume: PciRoot(0x0)\Pci(0x17,0x0)\Sata(0x1,0x0,0x0)\HD(2,GPT,40644103-7337-43FA-AD41-CD223C2714BB,0x64028,0xEE18260)\VenMedia(BE74FCF7-0B7C-49F3-9147-01F4042E6842,309C38118861E44FB0A24D04F76A53DF)
4:053  0:000          hiding this volume
4:053  0:000  - [09]: Volume: PciRoot(0x0)\Pci(0x17,0x0)\Sata(0x1,0x0,0x0)\HD(2,GPT,40644103-7337-43FA-AD41-CD223C2714BB,0x64028,0xEE18260)\VenMedia(BE74FCF7-0B7C-49F3-9147-01F4042E6842,F1DC4A1230685A4AB8C5D83E57387A30)
4:053  0:000  - [10]: Volume: PciRoot(0x0)\Pci(0x17,0x0)\Sata(0x1,0x0,0x0)\HD(2,GPT,40644103-7337-43FA-AD41-CD223C2714BB,0x64028,0xEE18260)\VenMedia(BE74FCF7-0B7C-49F3-9147-01F4042E6842,2076390917646047AAC72B3124CE5416)
4:053  0:000          hiding this volume
4:053  0:000  - [11]: Volume: PciRoot(0x0)\Pci(0x17,0x0)\Sata(0x1,0x0,0x0)\HD(2,GPT,40644103-7337-43FA-AD41-CD223C2714BB,0x64028,0xEE18260)\VenMedia(BE74FCF7-0B7C-49F3-9147-01F4042E6842,B134C8CCF73A024B8FA4E1C4B2F85B9F)
4:054  0:000  === [ InitTheme ] =========================================
4:063  0:008  Using theme 'ThinkPad' (EFI\CLOVER\themes\ThinkPad)
4:063  0:000  OS main and drive as badge
4:063  0:000  Warning! Character width 9 should be even!
4:064  0:001  Loading font from ThemeDir: Success
4:064  0:000  Chosen theme ThinkPad
4:065  0:000  after NVRAM boot-args=-lilubetaall -firstpolldelay=16000
4:065  0:000  === [ Dump SMC keys from NVRAM ] ==========================
4:065  0:000  found AppleSMC protocol
4:127  0:062  Registered 17 SMC keys
4:128  0:000  === [ ScanLoader ] ========================================
4:128  0:000  - [02]: 'EFI'
4:191  0:062          AddLoaderEntry for Volume Name=EFI
4:197  0:006          AddLoaderEntry for Volume Name=EFI
4:197  0:000          skipped because entry is hidden
4:197  0:000  - [05]: 'RESERVE'
4:197  0:000  - [06]: 'EFI'
4:197  0:000          AddLoaderEntry for Volume Name=EFI
4:197  0:000          skipped because entry is hidden
4:197  0:000  - [08]: 'Preboot', hidden
4:197  0:000  - [09]: 'M1014B'
4:280  0:083          AddLoaderEntry for Volume Name=M1014B
4:303  0:022      Check if volume Is Hibernated:
4:303  0:000      Check sleep image 'by signature':
4:331  0:027      read prefs \Library\Preferences\com.apple.PowerManagement.plist status=Success
4:331  0:000      using default sleep image name = \private\var\vm\sleepimage
4:345  0:014      sleepimage not found -> Not Found
4:345  0:000      hibernated: no - sign
4:356  0:011  - [10]: 'Recovery', hidden
4:356  0:000  - [11]: 'VM'
4:356  0:000  === [ AddCustomTool ] =====================================
4:358  0:001  === [ GetEfiBootDeviceFromNvram ] =========================
4:359  0:000   - efi-boot-device-data: PciRoot(0x0)\Pci(0x17,0x0)\Sata(0x1,0x0,0x0)\HD(2,GPT,40644103-7337-43FA-AD41-CD223C2714BB,0x64028,0xEE18260)\VenMedia(BE74FCF7-0B7C-49F3-9147-01F4042E6842,F1DC4A1230685A4AB8C5D83E57387A30)
4:359  0:000    - Volume: 'PciRoot(0x0)\Pci(0x17,0x0)\Sata(0x1,0x0,0x0)\HD(2,GPT,40644103-7337-43FA-AD41-CD223C2714BB,0x64028,0xEE18260)\VenMedia(BE74FCF7-0B7C-49F3-9147-01F4042E6842,F1DC4A1230685A4AB8C5D83E57387A30)'
4:359  0:000    - LoaderPath: '<null string>'
4:359  0:000    - Guid = 40644103-7337-43FA-AD41-CD223C2714BB
4:359  0:000  === [ FindStartupDiskVolume ] =============================
4:359  0:000    - Volume: partition = PciRoot(0x0)\Pci(0x17,0x0)\Sata(0x1,0x0,0x0)\HD(2,GPT,40644103-7337-43FA-AD41-CD223C2714BB,0x64028,0xEE18260)\VenMedia(BE74FCF7-0B7C-49F3-9147-01F4042E6842,F1DC4A1230685A4AB8C5D83E57387A30)
4:359  0:000     - searching for that partition
4:359  0:000      - found entry 1. 'Boot macOS from M1014B', Volume 'M1014B'
4:359  0:000  Boot redirected to Entry 1. 'Boot macOS from M1014B'
4:359  0:000  DefaultIndex=1 and MainMenu.EntryCount=6
4:438  0:079  GUI ready
9:768  5:329  ParseBootOption: invalid boot variable
9:768  0:000  BootVariable of the entry is empty
9:768  0:000  === [ StartLoader ] =======================================
9:768  0:000  Finally: ExternalClock=26MHz BusSpeed=100486kHz CPUFreq=2713MHz PIS: hw.busfrequency=104000000Hz
9:768  0:000  Loading boot.efi  status=Success
9:969  0:201  GetOSVersion: 10.14 (18A336e)
9:969  0:000  CSR_CFG: CSR_ALLOW_UNTRUSTED_KEXTS | CSR_ALLOW_UNRESTRICTED_FS | CSR_ALLOW_TASK_FOR_PID | CSR_ALLOW_UNRESTRICTED_DTRACE | CSR_ALLOW_UNRESTRICTED_NVRAM
9:969  0:000  Filtering KextPatches:
9:969  0:000   - [00]: com.apple.driver.AppleIntelKBLGraphicsFramebuffer (Disable minStolenSize check for 10.14 Beta 4) :: BinPatch :: [OS: 10.14 | MatchOS: 10.14.x | MatchBuild: All] ==> disabled by user
9:969  0:000   - [01]: com.apple.driver.AppleIntelKBLGraphicsFramebuffer (HD620, 32MB BIOS, 19MB framebuffer 9MB cursor bytes 2048MB vram) :: BinPatch :: [OS: 10.14 | MatchOS: 10.14.x | MatchBuild: All] ==> disabled by user
9:969  0:000   - [02]: com.apple.driver.AppleIntelKBLGraphicsFramebuffer (HD620, 32MB BIOS, 19MB framebuffer 9MB cursor bytes 2048MB vram) :: BinPatch :: [OS: 10.14 | MatchOS: 10.13.x | MatchBuild: All] ==> not allowed
9:969  0:000   - [03]: com.apple.driver.AppleGraphicsDevicePolicy (Disable board-id check to prevent no signal (c) lvs1974, Pike R. Alpha, vit9696) :: BinPatch :: [OS: 10.14 | MatchOS: 10.14 | MatchBuild: All] ==> allowed
9:969  0:000   - [04]: com.apple.driver.AppleBacklight (change F%uT%04x to F%uTxxxx in AppleBacklightInjector.kext (credit RehabMan)) :: BinPatch :: [OS: 10.14 | MatchOS: All | MatchBuild: All] ==> allowed
9:969  0:000   - [05]: com.apple.driver.usb.AppleUSBXHCIPCI (change 15 port limit to 26 in XHCI kext) :: BinPatch :: [OS: 10.14 | MatchOS: 10.13.x | MatchBuild: All] ==> disabled by user
9:969  0:000  Filtering KernelPatches:
9:969  0:000   - [00]: MSR 0xE2 _xcpm_idle instant reboot(c) Pike R. Alpha :: [OS: 10.14 | MatchOS: All | MatchBuild: no] ==> allowed by OS
9:969  0:000  Will not patch boot.efi
9:969  0:000  === [ PatchSmbios ] =======================================
9:969  0:000  insert table 9 for dev 1F:6
9:969  0:000  insert table 9 for dev 0:0
9:970  0:000  Trusting SMBIOS...
9:970  0:000  Channels: 1
9:970  0:000  Interleave: 0 1 2 3 4 5 6 7 8 9 10 11 12 13 14 15 16 17 18 19 20 21 22 23
9:970  0:000   partNum=M471A1K43BB1-CRC    
9:970  0:000  SMBIOS Type 17 Index = 0 => 0 0:
9:970  0:000  BANK 0 DIMM0 2400MHz 8192MB
9:970  0:000   partNum=M471A1K43CB1-CRC    
9:970  0:000  SMBIOS Type 17 Index = 1 => 1 1:
9:970  0:000  BANK 0 DIMM1 2400MHz 8192MB
9:970  0:000  mTotalSystemMemory = 16384
9:970  0:000  NumberOfMemoryDevices = 2
9:970  0:000  Table 131 is present, CPUType=31
9:970  0:000  Change to: 605
9:970  0:000  Table 133 is present, PlatformFeature=4F484B01
9:970  0:000  Change to: 1A
9:970  0:000  === [ PatchACPI ] =========================================
9:970  0:000  Xsdt reallocation done
9:970  0:000  old FADT length=F4
9:970  0:000   SignatureFixup: 0x2D42 -> 0x0
9:970  0:000  DSDT found in Clover volume OEM folder: EFI\CLOVER\ACPI\patched\DSDT.aml
9:971  0:001  Apply DsdtFixMask=0x00000000
9:971  0:000     drop _DSM mask=0xFFFF
9:971  0:000  === [ FixBiosDsdt ] =======================================
9:971  0:000  VideoCard devID=0x59168086
9:971  0:000  DisplayADR1[0] = 0x20000, DisplayADR2[0] = 0xFFFE
9:971  0:000  USBADR[0] = 0x140000 and PCIe = 0xFFFE
9:971  0:000  Found Airport BCM at 0x1C0006, 0x0
9:971  0:000  Audio HDA (addr:0x1F0003) setting specified layout-id=29 (0x1D)
9:971  0:000  Patching DSDT:
9:971  0:000   - [change _DSM to XDSM]: disabled
9:971  0:000   - [change _OSI to XOSI]: disabled
9:971  0:000   - [change H_EC to EC]: pattern 485F4543, patched at: [ (330) (5428) (10) ]
9:971  0:000   - [change EC0 to EC]: disabled
9:971  0:000   - [change ECDV to EC]: disabled
9:971  0:000   - [change GFX0 to IGPU]: pattern 47465830, patched at: [ (1A0) (E) (12) (12) (12) (12) (12) (12) (12) (12) (12) (12) (12) (12) (2EED) (D1A2) (23D1) (31) (2D9) (27) (1BD) (26) (CB2) (13AA) (27) (1C46) (30A) (F) (531A) (7D9) (BE) (624) (37) (23) (16) ]
9:971  0:000   - [change HDAS to HDEF]: pattern 48444153, patched at: [ (2D0) (12) (12) (3F67) (16A2) (74) (D) (2B) (32) (4F) (6F) (C3) ]
9:971  0:000   - [change HECI to IMEI]: disabled
9:971  0:000   - [change SAT0 to SATA]: pattern 53415430, patched at: [ (4EE) (16) (16) (16) (12) (16) (12) (16) (16) (AC43) (30) (8749) (85FA) (1014) (F) (39) (11) (2B) (10) (32) (10) ]
9:972  0:000   - [change KBD to PS2K]: pattern 4B42445F, patched at: [ (11BAD) ]
9:972  0:000    0 replacements
9:972  0:000  first CPU found at 161E7 offset 161EA
9:972  0:000  score candidate at 161E3
9:972  0:000  score inserted in acpi_cpu_score _PR_
9:972  0:000  Found ACPI CPU: PR00 | PR01 | PR02 | PR03 | PR04 | PR05 | PR06 | PR07 | PR08 | PR09 | PR10 | PR11 | PR12 | PR13 | PR14 | PR15 , within the score: _PR_
9:973  0:000  PreCleanup XSDT: count=28, length=260
9:973  0:000  PreCleanup XSDT, corrected XSDT: count=28, length=260
9:973  0:000  === [ ACPIPatchedAML ] ====================================
9:973  0:000  AutoMerge pass 1
9:973  0:000  Unsorted
9:973  0:000  Inserting SSDT-BATTCD.aml from EFI\CLOVER\ACPI\patched: ignore on pass 1
9:973  0:000  Inserting SSDT-PCIList.aml from EFI\CLOVER\ACPI\patched: ignore on pass 1
9:973  0:000  Inserting SSDT-SMBUS.aml from EFI\CLOVER\ACPI\patched: ignore on pass 1
9:973  0:000  Inserting SSDT-DGPU.aml from EFI\CLOVER\ACPI\patched: ignore on pass 1
9:973  0:000  Inserting SSDT-10.aml from EFI\CLOVER\ACPI\patched: size=36 @23 ... Success
9:973  0:000  Inserting SSDT-RMCF.aml from EFI\CLOVER\ACPI\patched: ignore on pass 1
9:973  0:000  Inserting SSDT-UIAC.aml from EFI\CLOVER\ACPI\patched: ignore on pass 1
9:973  0:000  Inserting SSDT-TYPC.aml from EFI\CLOVER\ACPI\patched: ignore on pass 1
9:973  0:000  Inserting SSDT-PNLF.aml from EFI\CLOVER\ACPI\patched: ignore on pass 1
9:973  0:000  === [ ACPIDropTables ] ====================================
9:973  0:000  0. [change _DSM to XDSM]: disabled
9:973  0:000  1. [change _OSI to XOSI]: disabled
9:973  0:000  2. [change H_EC to EC]: pattern 485F4543, bin not found / already patched!
9:973  0:000  3. [change EC0 to EC]: disabled
9:973  0:000  4. [change ECDV to EC]: disabled
9:973  0:000  5. [change GFX0 to IGPU]: pattern 47465830, bin not found / already patched!
9:973  0:000  6. [change HDAS to HDEF]: pattern 48444153, bin not found / already patched!
9:973  0:000  7. [change HECI to IMEI]: disabled
9:973  0:000  8. [change SAT0 to SATA]: pattern 53415430, bin not found / already patched!
9:973  0:000  9. [change KBD to PS2K]: pattern 4B42445F, bin not found / already patched!
9:973  0:000    0 replacements
9:973  0:000  Found OperationRegion(TPMR, SystemMemory, FED40000, ...)
9:973  0:000  Found OperationRegion(TNVS, SystemMemory, 5B555000, ...)
9:973  0:000  0. [change _DSM to XDSM]: disabled
9:973  0:000  1. [change _OSI to XOSI]: disabled
9:973  0:000  2. [change H_EC to EC]: pattern 485F4543, bin not found / already patched!
9:973  0:000  3. [change EC0 to EC]: disabled
9:973  0:000  4. [change ECDV to EC]: disabled
9:973  0:000  5. [change GFX0 to IGPU]: pattern 47465830, patched at: [ (2D) (E) (94) (26B) (1CC6) (AEE) (1D) (6E2) ]
9:973  0:000  6. [change HDAS to HDEF]: pattern 48444153, bin not found / already patched!
9:973  0:000  7. [change HECI to IMEI]: disabled
9:973  0:000  8. [change SAT0 to SATA]: pattern 53415430, bin not found / already patched!
9:973  0:000  9. [change KBD to PS2K]: pattern 4B42445F, bin not found / already patched!
9:973  0:000    0 replacements
9:973  0:000  Found OperationRegion(SANV, SystemMemory, 5B55F418, ...)
9:973  0:000  0. [change _DSM to XDSM]: disabled
9:973  0:000  1. [change _OSI to XOSI]: disabled
9:973  0:000  2. [change H_EC to EC]: pattern 485F4543, patched at: [ (24) (16) (28) (16) (4E3) (14) ]
9:973  0:000  3. [change EC0 to EC]: disabled
9:973  0:000  4. [change ECDV to EC]: disabled
9:973  0:000  5. [change GFX0 to IGPU]: pattern 47465830, bin not found / already patched!
9:973  0:000  6. [change HDAS to HDEF]: pattern 48444153, bin not found / already patched!
9:973  0:000  7. [change HECI to IMEI]: disabled
9:973  0:000  8. [change SAT0 to SATA]: pattern 53415430, bin not found / already patched!
9:973  0:000  9. [change KBD to PS2K]: pattern 4B42445F, bin not found / already patched!
9:973  0:000    0 replacements
9:973  0:000  0. [change _DSM to XDSM]: disabled
9:973  0:000  1. [change _OSI to XOSI]: disabled
9:973  0:000  2. [change H_EC to EC]: pattern 485F4543, bin not found / already patched!
9:973  0:000  3. [change EC0 to EC]: disabled
9:973  0:000  4. [change ECDV to EC]: disabled
9:973  0:000  5. [change GFX0 to IGPU]: pattern 47465830, bin not found / already patched!
9:973  0:000  6. [change HDAS to HDEF]: pattern 48444153, bin not found / already patched!
9:973  0:000  7. [change HECI to IMEI]: disabled
9:973  0:000  8. [change SAT0 to SATA]: pattern 53415430, bin not found / already patched!
9:973  0:000  9. [change KBD to PS2K]: pattern 4B42445F, bin not found / already patched!
9:973  0:000    0 replacements
9:973  0:000  0. [change _DSM to XDSM]: disabled
9:973  0:000  1. [change _OSI to XOSI]: disabled
9:973  0:000  2. [change H_EC to EC]: pattern 485F4543, bin not found / already patched!
9:973  0:000  3. [change EC0 to EC]: disabled
9:973  0:000  4. [change ECDV to EC]: disabled
9:973  0:000  5. [change GFX0 to IGPU]: pattern 47465830, bin not found / already patched!
9:973  0:000  6. [change HDAS to HDEF]: pattern 48444153, bin not found / already patched!
9:973  0:000  7. [change HECI to IMEI]: disabled
9:973  0:000  8. [change SAT0 to SATA]: pattern 53415430, patched at: [ (245) (E) (12) (12) (12) (12) (12) (9EC) (A0F) ]
9:973  0:000  9. [change KBD to PS2K]: pattern 4B42445F, bin not found / already patched!
9:973  0:000    0 replacements
9:973  0:000  0. [change _DSM to XDSM]: disabled
9:973  0:000  1. [change _OSI to XOSI]: disabled
9:973  0:000  2. [change H_EC to EC]: pattern 485F4543, bin not found / already patched!
9:973  0:000  3. [change EC0 to EC]: disabled
9:973  0:000  4. [change ECDV to EC]: disabled
9:973  0:000  5. [change GFX0 to IGPU]: pattern 47465830, bin not found / already patched!
9:973  0:000  6. [change HDAS to HDEF]: pattern 48444153, bin not found / already patched!
9:973  0:000  7. [change HECI to IMEI]: disabled
9:973  0:000  8. [change SAT0 to SATA]: pattern 53415430, bin not found / already patched!
9:973  0:000  9. [change KBD to PS2K]: pattern 4B42445F, bin not found / already patched!
9:973  0:000    0 replacements
9:973  0:000  Found OperationRegion(PNVS, SystemMemory, 50B68000, ...)
9:973  0:000  0. [change _DSM to XDSM]: disabled
9:973  0:000  1. [change _OSI to XOSI]: disabled
9:973  0:000  2. [change H_EC to EC]: pattern 485F4543, bin not found / already patched!
9:973  0:000  3. [change EC0 to EC]: disabled
9:973  0:000  4. [change ECDV to EC]: disabled
9:973  0:000  5. [change GFX0 to IGPU]: pattern 47465830, bin not found / already patched!
9:973  0:000  6. [change HDAS to HDEF]: pattern 48444153, bin not found / already patched!
9:973  0:000  7. [change HECI to IMEI]: disabled
9:973  0:000  8. [change SAT0 to SATA]: pattern 53415430, bin not found / already patched!
9:973  0:000  9. [change KBD to PS2K]: pattern 4B42445F, bin not found / already patched!
9:973  0:000    0 replacements
9:973  0:000  Found OperationRegion(MBAR, SystemMemory, FED15000, ...)
9:973  0:000  0. [change _DSM to XDSM]: disabled
9:973  0:000  1. [change _OSI to XOSI]: disabled
9:973  0:000  2. [change H_EC to EC]: pattern 485F4543, bin not found / already patched!
9:973  0:000  3. [change EC0 to EC]: disabled
9:973  0:000  4. [change ECDV to EC]: disabled
9:973  0:000  5. [change GFX0 to IGPU]: pattern 47465830, bin not found / already patched!
9:973  0:000  6. [change HDAS to HDEF]: pattern 48444153, bin not found / already patched!
9:973  0:000  7. [change HECI to IMEI]: disabled
9:973  0:000  8. [change SAT0 to SATA]: pattern 53415430, bin not found / already patched!
9:973  0:000  9. [change KBD to PS2K]: pattern 4B42445F, bin not found / already patched!
9:973  0:000    0 replacements
9:974  0:000  0. [change _DSM to XDSM]: disabled
9:974  0:000  1. [change _OSI to XOSI]: disabled
9:974  0:000  2. [change H_EC to EC]: pattern 485F4543, bin not found / already patched!
9:974  0:000  3. [change EC0 to EC]: disabled
9:974  0:000  4. [change ECDV to EC]: disabled
9:974  0:000  5. [change GFX0 to IGPU]: pattern 47465830, bin not found / already patched!
9:974  0:000  6. [change HDAS to HDEF]: pattern 48444153, patched at: [ (20) (48) ]
9:974  0:000  7. [change HECI to IMEI]: disabled
9:974  0:000  8. [change SAT0 to SATA]: pattern 53415430, bin not found / already patched!
9:974  0:000  9. [change KBD to PS2K]: pattern 4B42445F, bin not found / already patched!
9:974  0:000    0 replacements
9:974  0:000  0. [change _DSM to XDSM]: disabled
9:974  0:000  1. [change _OSI to XOSI]: disabled
9:974  0:000  2. [change H_EC to EC]: pattern 485F4543, bin not found / already patched!
9:974  0:000  3. [change EC0 to EC]: disabled
9:974  0:000  4. [change ECDV to EC]: disabled
9:974  0:000  5. [change GFX0 to IGPU]: pattern 47465830, bin not found / already patched!
9:974  0:000  6. [change HDAS to HDEF]: pattern 48444153, bin not found / already patched!
9:974  0:000  7. [change HECI to IMEI]: disabled
9:974  0:000  8. [change SAT0 to SATA]: pattern 53415430, bin not found / already patched!
9:974  0:000  9. [change KBD to PS2K]: pattern 4B42445F, bin not found / already patched!
9:974  0:000    0 replacements
9:974  0:000  0. [change _DSM to XDSM]: disabled
9:974  0:000  1. [change _OSI to XOSI]: disabled
9:974  0:000  2. [change H_EC to EC]: pattern 485F4543, the patch is too large!
9:974  0:000  3. [change EC0 to EC]: disabled
9:974  0:000  4. [change ECDV to EC]: disabled
9:974  0:000  5. [change GFX0 to IGPU]: pattern 47465830, the patch is too large!
9:974  0:000  6. [change HDAS to HDEF]: pattern 48444153, the patch is too large!
9:974  0:000  7. [change HECI to IMEI]: disabled
9:974  0:000  8. [change SAT0 to SATA]: pattern 53415430, the patch is too large!
9:974  0:000  9. [change KBD to PS2K]: pattern 4B42445F, the patch is too large!
9:974  0:000    0 replacements
9:974  0:000  0. [change _DSM to XDSM]: disabled
9:974  0:000  1. [change _OSI to XOSI]: disabled
9:974  0:000  2. [change H_EC to EC]: pattern 485F4543, bin not found / already patched!
9:974  0:000  3. [change EC0 to EC]: disabled
9:974  0:000  4. [change ECDV to EC]: disabled
9:974  0:000  5. [change GFX0 to IGPU]: pattern 47465830, bin not found / already patched!
9:974  0:000  6. [change HDAS to HDEF]: pattern 48444153, bin not found / already patched!
9:974  0:000  7. [change HECI to IMEI]: disabled
9:974  0:000  8. [change SAT0 to SATA]: pattern 53415430, bin not found / already patched!
9:974  0:000  9. [change KBD to PS2K]: pattern 4B42445F, bin not found / already patched!
9:974  0:000    0 replacements
9:974  0:000  === [ ACPIPatchedAML ] ====================================
9:974  0:000  AutoMerge pass 2
9:974  0:000  Unsorted
9:974  0:000  Inserting SSDT-BATTCD.aml from EFI\CLOVER\ACPI\patched: size=1463 ... Success
9:975  0:000  Inserting SSDT-PCIList.aml from EFI\CLOVER\ACPI\patched: size=1113 ... Success
9:975  0:000  Inserting SSDT-SMBUS.aml from EFI\CLOVER\ACPI\patched: size=138 ... Success
9:975  0:000  Inserting SSDT-DGPU.aml from EFI\CLOVER\ACPI\patched: size=247 ... Success
9:975  0:000  Inserting SSDT-RMCF.aml from EFI\CLOVER\ACPI\patched: size=655 ... Success
9:975  0:000  Inserting SSDT-UIAC.aml from EFI\CLOVER\ACPI\patched: size=614 ... Success
9:975  0:000  Inserting SSDT-TYPC.aml from EFI\CLOVER\ACPI\patched: size=1757 ... Success
9:976  0:000  Inserting SSDT-PNLF.aml from EFI\CLOVER\ACPI\patched: size=831 ... Success
9:976  0:000  CPUBase=0 and ApicCPUBase=1 ApicCPUNum=8
9:976  0:000  Maximum control=0x1B
9:976  0:000  Turbo control=0x1F
9:976  0:000  P-States: min 0x4, max 0x1F
9:976  0:000  SSDT with plugin-type without P-States is generated
9:976  0:000  Cleanup XSDT: count=37, length=332
9:976  0:000  corrected XSDT count=37, length=332
9:976  0:000  === [ RestSetup macOS ] ===================================
9:976  0:000  EdidDiscovered size=128
9:976  0:000  --- Discovered EDID Table size:128
9:976  0:000  000  |  00  FF  FF  FF  FF  FF  FF  00  10  AC
9:976  0:000  010  |  C2  D0  54  36  34  30  33  1B  01  03
9:976  0:000  020  |  80  35  1E  78  EA  AD  75  A9  54  4D
9:976  0:000  030  |  9D  26  0F  50  54  A5  4B  00  81  00
9:976  0:000  040  |  B3  00  D1  00  71  4F  A9  40  81  80
9:976  0:000  050  |  D1  C0  01  01  56  5E  00  A0  A0  A0
9:976  0:000  060  |  29  50  30  20  35  00  0E  28  21  00
9:976  0:000  070  |  00  1A  00  00  00  FF  00  36  43  33
9:976  0:000  080  |  56  44  37  43  49  30  34  36  54  0A
9:976  0:000  090  |  00  00  00  FC  00  44  45  4C  4C  20
9:976  0:000  100  |  50  32  34  31  38  44  0A  20  00  00
9:976  0:000  110  |  00  FD  00  31  56  1D  71  1C  00  0A
9:976  0:000  120  |  20  20  20  20  20  20  01  69
9:976  0:000  add device: PciRoot(0x0)/Pci(0x2,0x0)
9:976  0:000     Add key=framebuffer-unifiedmem valuelen=4
9:976  0:000     Add key=framebuffer-stolenmem valuelen=4
9:976  0:000     Add key=framebuffer-patch-enable valuelen=4
9:976  0:000     Add key=framebuffer-fbmem valuelen=4
9:976  0:000     Add key=AAPL,ig-platform-id valuelen=4
9:976  0:000  Intel HD Graphics 620 [8086:5916] :: PciRoot(0x0)\Pci(0x2,0x0)
9:976  0:000    Found Ultra XGA Display - 4:3 :: Width=1600 Height=1200
9:976  0:000    Beginning DualLink auto-detection
9:976  0:000    High Resolution Display
9:976  0:000    AAPL00,DualLink = 1
9:976  0:000    FakeID Intel GFX = 0x59168086
9:976  0:000    ig-platform-id = 0x59160000
9:976  0:000  Intel GFX revision  = 0x2
9:977  0:000   RCBA disabled; cannot use it
9:977  0:000   setting specified layout-id=29 (0x1D)
9:977  0:000  stringlength = 3434
9:977  0:000  CurrentMode: Width=1600 Height=1200
9:977  0:000  Beginning FSInjection
9:977  0:000  Blocking kext caches
FSInjectionInstall ...
- Our FSI_SIMPLE_FILE_SYSTEM_PROTOCOL installed on handle: 540F0B18
FSInjectionInstall ...
- Our FSI_SIMPLE_FILE_SYSTEM_PROTOCOL installed on handle: 540F0B18
9:983  0:006  Use origin smbios table type 1 guid.
9:990  0:006  Preparing kexts injection for arch=x86_64 from EFI\CLOVER\kexts\Other
9:990  0:000  Extra kext: EFI\CLOVER\kexts\Other\BrcmFirmwareData.kext (v.2.2.10)
10:009  0:019  Extra kext: EFI\CLOVER\kexts\Other\BrcmPatchRAM2.kext (v.2.2.10)
10:123  0:113  Extra kext: EFI\CLOVER\kexts\Other\FakePCIID_Broadcom_WiFi.kext (v.1.3.12)
10:138  0:015  Extra kext: EFI\CLOVER\kexts\Other\USBInjectAll.kext (v.0.6.5)
10:824  0:685  Extra kext: EFI\CLOVER\kexts\Other\IntelGraphicsDVMTFixup.kext (v.1.2.2)
10:840  0:015  Extra kext: EFI\CLOVER\kexts\Other\AppleBacklightInjector.kext (v.0.9.0)
10:849  0:008  Extra kext: EFI\CLOVER\kexts\Other\AirportBrcmFixup.kext (v.1.1.3)
10:869  0:020  Extra kext: EFI\CLOVER\kexts\Other\WhateverGreen.kext (v.1.2.1)
10:884  0:014  Extra kext: EFI\CLOVER\kexts\Other\VoodooPS2Controller.kext (v.1.8.34)
10:905  0:020    |-- PlugIn kext: EFI\CLOVER\kexts\Other\VoodooPS2Controller.kext\Contents\PlugIns\VoodooPS2Mouse.kext (v.1.8.34)
10:924  0:019    |-- PlugIn kext: EFI\CLOVER\kexts\Other\VoodooPS2Controller.kext\Contents\PlugIns\VoodooPS2Keyboard.kext (v.1.8.34)
10:974  0:049    |-- PlugIn kext: EFI\CLOVER\kexts\Other\VoodooPS2Controller.kext\Contents\PlugIns\VoodooPS2Trackpad.kext (v.1.8.34)
11:019  0:045  Extra kext: EFI\CLOVER\kexts\Other\NoTouchID.kext (v.1.0.0)
11:033  0:013  Extra kext: EFI\CLOVER\kexts\Other\FakePCIID.kext (v.1.3.12)
11:046  0:013  Extra kext: EFI\CLOVER\kexts\Other\FakeSMC.kext (v.1787)
11:075  0:029  Extra kext: EFI\CLOVER\kexts\Other\Lilu.kext (v.1.2.6)
11:089  0:013  Extra kext: EFI\CLOVER\kexts\Other\AppleALC.kext (v.1.3.1)
11:886  0:797  Extra kext: EFI\CLOVER\kexts\Other\ACPIBatteryManager.kext (v.1.81.4)
11:912  0:025  Extra kext: EFI\CLOVER\kexts\Other\FakePCIID_Intel_HD_Graphics.kext (v.1.3.12)
11:950  0:038  Extra kext: EFI\CLOVER\kexts\Other\IntelMausiEthernet.kext (v.2.4.0)
11:970  0:019  Preparing kexts injection for arch=x86_64 from EFI\CLOVER\kexts\10.14
11:973  0:002  SetStartupDiskVolume:
11:973  0:000    * Volume: 'M1014B'
11:973  0:000    * LoaderPath: '<null string>'
11:973  0:000    * DevPath: M1014B
11:973  0:000    * GUID = 40644103-7337-43FA-AD41-CD223C2714BB
11:973  0:000    * efi-boot-device: <array><dict><key>IOMatch</key><dict><key>IOProviderClass</key><string>IOMedia</string><key>IOPropertyMatch</key><dict><key>UUID</key><string>40644103-7337-43FA-AD41-CD223C2714BB</string></dict></dict></dict></array>
11:974  0:000  SetScreenResolution: 1600x1200 - already set
11:974  0:000  Custom boot is disabled
11:975  0:000  Closing log
